2026.06.23 15:34:44 INFO  Started: Metals version 1.6.7 in folders '/Users/aidyn/Desktop/backend' for client Visual Studio Code 1.123.1.
2026.06.23 15:34:44 INFO  Memory monitor started
2026.06.23 15:34:44 WARN  Using H2 2.4.240 which is newer than the version Flyway has been verified with. The latest verified version of H2 is 2.3.232.
2026.06.23 15:34:44 INFO  no build target found for /Users/aidyn/Desktop/backend/src/main/java/edu/uga/ces/BackendApplication.java. Using fallback presentation compiler.
2026.06.23 15:34:51 INFO  no build target found for /Users/aidyn/Desktop/backend/src/main/java/edu/uga/ces/BackendApplication.java. Using fallback presentation compiler.
Jun 23, 2026 3:34:55 PM org.eclipse.lsp4j.jsonrpc.services.GenericEndpoint notify
INFO: Unsupported notification method: $/setTrace
2026.06.23 15:34:55 INFO  no build target found for /Users/aidyn/Desktop/backend/src/main/java/edu/uga/ces/BackendApplication.java. Using fallback presentation compiler.
2026.06.23 15:34:56 INFO  no build target found for /Users/aidyn/Desktop/backend/src/main/java/edu/uga/ces/BackendApplication.java. Using fallback presentation compiler.
2026.06.23 15:34:56 INFO  no build target found for /Users/aidyn/Desktop/backend/src/main/java/edu/uga/ces/BackendApplication.java. Using fallback presentation compiler.
Jun 23, 2026 3:34:58 PM org.eclipse.lsp4j.jsonrpc.services.GenericEndpoint notify
INFO: Unsupported notification method: $/setTrace
2026.06.23 15:34:58 INFO  no build target found for /Users/aidyn/Desktop/backend/src/main/java/edu/uga/ces/BackendApplication.java. Using fallback presentation compiler.
2026.06.23 15:35:00 INFO  no build target found for /Users/aidyn/Desktop/backend/src/main/java/edu/uga/ces/BackendApplication.java. Using fallback presentation compiler.
2026.06.23 15:35:02 INFO  no build target found for /Users/aidyn/Desktop/backend/src/main/java/edu/uga/ces/BackendApplication.java. Using fallback presentation compiler.
2026.06.23 15:35:17 WARN  no build target for: /Users/aidyn/Desktop/backend/src/main/java/edu/uga/ces/BackendApplication.java
2026.06.23 15:35:17 INFO  no build target found for /Users/aidyn/Desktop/backend/src/main/java/edu/uga/ces/BackendApplication.java. Using fallback presentation compiler.
2026.06.23 15:35:40 INFO  no build target found for /Users/aidyn/Desktop/backend/src/main/java/edu/uga/ces/BackendApplication.java. Using fallback presentation compiler.
Jun 23, 2026 3:37:23 PM org.eclipse.lsp4j.jsonrpc.services.GenericEndpoint notify
INFO: Unsupported notification method: $/setTrace
